<?xml version="1.0" encoding="UTF-8"?>
<!-- Generated by org.testng.reporters.JUnitReportReporter -->
<testsuite skipped="0" hostname="BLRC02T82APG8WN.sea.corp.expecn.com" name="com.hotels.in.tests.hotelSearch" tests="2" failures="0" timestamp="20 Mar 2018 04:17:00 GMT" time="23.133" errors="0">
  <testcase name="openHomePage" time="22.843" classname="com.hotels.in.tests.hotelSearch"/>
  <testcase name="findMaximumPriceHotelsWithWiFi" time="0.290" classname="com.hotels.in.tests.hotelSearch"/>
</testsuite> <!-- com.hotels.in.tests.hotelSearch -->
