<?xml version="1.0" encoding="UTF-8"?>
<!-- Generated by org.testng.reporters.JUnitReportReporter -->
<testsuite skipped="0" hostname="BLRC02T82APG8WN.sea.corp.expecn.com" name="com.hotels.in.tests.hotelSearch" tests="2" failures="0" timestamp="19 Mar 2018 11:31:59 GMT" time="30.994" errors="0">
  <testcase name="findMaximumPriceHotelsWithWiFi" time="15.947" classname="com.hotels.in.tests.hotelSearch"/>
  <testcase name="openHomePage" time="15.047" classname="com.hotels.in.tests.hotelSearch"/>
</testsuite> <!-- com.hotels.in.tests.hotelSearch -->
